Using pre-set license
Built from '2020.3/staging' branch; Version is '2020.3.3f1 (76626098c1c4) revision 7758432'; Using compiler version '192528614'; Build Type 'Release'
OS: 'Windows 10 Pro; OS build 19045.2251; Version 2009; 64bit' Language: 'ja' Physical Memory: 32613 MB
BatchMode: 1, IsHumanControllingUs: 0, StartBugReporterOnCrash: 0, Is64bit: 1, IsPro: 0

 COMMAND LINE ARGUMENTS:
C:\Program Files\Unity\Hub\Editor\2020.3.3f1\Editor\Unity.exe
-adb2
-batchMode
-noUpm
-name
AssetImportWorker0
-projectPath
C:/Users/ANYCOLOR_StaffUchida/Downloads/02_Lesoon_07
-logFile
Logs/AssetImportWorker0.log
-srvPort
49171
Successfully changed project path to: C:/Users/ANYCOLOR_StaffUchida/Downloads/02_Lesoon_07
C:/Users/ANYCOLOR_StaffUchida/Downloads/02_Lesoon_07
Using Asset Import Pipeline V2.
Refreshing native plugins compatible for Editor in 50.72 ms, found 0 plugins.
Preloading 0 native plugins for Editor in 0.00 ms.
Initialize engine version: 2020.3.3f1 (76626098c1c4)
[Subsystems] Discovering subsystems at path C:/Program Files/Unity/Hub/Editor/2020.3.3f1/Editor/Data/Resources/UnitySubsystems
[Subsystems] Discovering subsystems at path C:/Users/ANYCOLOR_StaffUchida/Downloads/02_Lesoon_07/Assets
GfxDevice: creating device client; threaded=0
Direct3D:
    Version:  Direct3D 11.0 [level 11.1]
    Renderer: NVIDIA GeForce GTX 1650 with Max-Q Design (ID=0x1f91)
    Vendor:   
    VRAM:     3949 MB
    Driver:   31.0.15.2647
Initialize mono
Mono path[0] = 'C:/Program Files/Unity/Hub/Editor/2020.3.3f1/Editor/Data/Managed'
Mono path[1] = 'C:/Program Files/Unity/Hub/Editor/2020.3.3f1/Editor/Data/MonoBleedingEdge/lib/mono/unityjit'
Mono config path = 'C:/Program Files/Unity/Hub/Editor/2020.3.3f1/Editor/Data/MonoBleedingEdge/etc'
Using monoOptions --debugger-agent=transport=dt_socket,embedding=1,server=y,suspend=n,address=127.0.0.1:56756
Begin MonoManager ReloadAssembly
Registering precompiled unity dll's ...
Register platform support module: C:/Program Files/Unity/Hub/Editor/2020.3.3f1/Editor/Data/PlaybackEngines/WebGLSupport/UnityEditor.WebGL.Extensions.dll
Register platform support module: C:/Program Files/Unity/Hub/Editor/2020.3.3f1/Editor/Data/PlaybackEngines/WindowsStandaloneSupport/UnityEditor.WindowsStandalone.Extensions.dll
Registered in 0.010524 seconds.
Native extension for WindowsStandalone target not found
Native extension for WebGL target not found
Refreshing native plugins compatible for Editor in 28.42 ms, found 0 plugins.
Preloading 0 native plugins for Editor in 0.00 ms.
Invoked RoslynAnalysisRunner static constructor.
RoslynAnalysisRunner will not be running.
RoslynAnalysisRunner has terminated.
Mono: successfully reloaded assembly
- Completed reload, in  2.474 seconds
Platform modules already initialized, skipping
Registering precompiled user dll's ...
Registered in 0.000947 seconds.
Begin MonoManager ReloadAssembly
Native extension for WindowsStandalone target not found
Native extension for WebGL target not found
Refreshing native plugins compatible for Editor in 0.21 ms, found 0 plugins.
Preloading 0 native plugins for Editor in 0.00 ms.
Invoked RoslynAnalysisRunner static constructor.
RoslynAnalysisRunner will not be running.
RoslynAnalysisRunner has terminated.
Mono: successfully reloaded assembly
- Completed reload, in  1.041 seconds
Platform modules already initialized, skipping
========================================================================
Worker process is ready to serve import requests
Launched and connected shader compiler UnityShaderCompiler.exe after 0.06 seconds
Refreshing native plugins compatible for Editor in 0.23 ms, found 0 plugins.
Preloading 0 native plugins for Editor in 0.00 ms.
Unloading 1119 Unused Serialized files (Serialized files now loaded: 0)
System memory in use before: 57.2 MB.
System memory in use after: 57.3 MB.

Unloading 10 unused Assets to reduce memory usage. Loaded Objects now: 1562.
Total: 1.771900 ms (FindLiveObjects: 0.130000 ms CreateObjectMapping: 0.040600 ms MarkObjects: 1.525300 ms  DeleteObjects: 0.075400 ms)

========================================================================
Received Import Request.
  path: Assets/menuScript/Panel.prefab
  artifactKey: Guid(04fabc35fb437cd4a822ec308588e5f4) Importer(815301076,1909f56bfc062723c751e8b465ee728b)
Start importing Assets/menuScript/Panel.prefab using Guid(04fabc35fb437cd4a822ec308588e5f4) Importer(815301076,1909f56bfc062723c751e8b465ee728b)  -> (artifact id: '68a50add79183c61e5a2f5469338c318') in 0.054569 seconds
  Import took 0.056437 seconds .

========================================================================
Received Import Request.
  Time since last request: 0.000304 seconds.
  path: Assets/menuScript/Notification.cs
  artifactKey: Guid(e79c5bdfd9f7d4c4295f2f1277b56eb2) Importer(815301076,1909f56bfc062723c751e8b465ee728b)
Start importing Assets/menuScript/Notification.cs using Guid(e79c5bdfd9f7d4c4295f2f1277b56eb2) Importer(815301076,1909f56bfc062723c751e8b465ee728b)  -> (artifact id: '035977132c2d5e596d7a5d82cad88cd5') in 0.004879 seconds
  Import took 0.006575 seconds .

========================================================================
Received Import Request.
  Time since last request: 248.841127 seconds.
  path: Assets/menuScript/Notification.cs
  artifactKey: Guid(e79c5bdfd9f7d4c4295f2f1277b56eb2) Importer(815301076,1909f56bfc062723c751e8b465ee728b)
Start importing Assets/menuScript/Notification.cs using Guid(e79c5bdfd9f7d4c4295f2f1277b56eb2) Importer(815301076,1909f56bfc062723c751e8b465ee728b)  -> (artifact id: '81fe8886580b1f77e63b303e288c597b') in 0.009765 seconds
  Import took 0.021615 seconds .

========================================================================
Received Import Request.
  Time since last request: 76.971020 seconds.
  path: Assets/menuScript/Notification.cs
  artifactKey: Guid(e79c5bdfd9f7d4c4295f2f1277b56eb2) Importer(815301076,1909f56bfc062723c751e8b465ee728b)
Start importing Assets/menuScript/Notification.cs using Guid(e79c5bdfd9f7d4c4295f2f1277b56eb2) Importer(815301076,1909f56bfc062723c751e8b465ee728b)  -> (artifact id: 'bab5c3786d3c9020ffb1871e0f433a62') in 0.007305 seconds
  Import took 0.013962 seconds .

AssetImportWorkerClient::OnTransportError - code=2 error=End of file
