Using pre-set license
Built from '2020.3/staging' branch; Version is '2020.3.3f1 (76626098c1c4) revision 7758432'; Using compiler version '192528614'; Build Type 'Release'
OS: 'Windows 10 Pro; OS build 22621.819; Version 2009; 64bit' Language: 'ja' Physical Memory: 32694 MB
BatchMode: 1, IsHumanControllingUs: 0, StartBugReporterOnCrash: 0, Is64bit: 1, IsPro: 0

 COMMAND LINE ARGUMENTS:
C:\Program Files\Unity\Hub\Editor\2020.3.3f1\Editor\Unity.exe
-adb2
-batchMode
-noUpm
-name
AssetImportWorker0
-projectPath
C:/Users/ANYCOLOR_StaffUchida/Downloads/02_Lesoon_07
-logFile
Logs/AssetImportWorker0.log
-srvPort
56436
Successfully changed project path to: C:/Users/ANYCOLOR_StaffUchida/Downloads/02_Lesoon_07
C:/Users/ANYCOLOR_StaffUchida/Downloads/02_Lesoon_07
Using Asset Import Pipeline V2.
Refreshing native plugins compatible for Editor in 26.41 ms, found 0 plugins.
Preloading 0 native plugins for Editor in 0.00 ms.
Initialize engine version: 2020.3.3f1 (76626098c1c4)
[Subsystems] Discovering subsystems at path C:/Program Files/Unity/Hub/Editor/2020.3.3f1/Editor/Data/Resources/UnitySubsystems
[Subsystems] Discovering subsystems at path C:/Users/ANYCOLOR_StaffUchida/Downloads/02_Lesoon_07/Assets
GfxDevice: creating device client; threaded=0
Direct3D:
    Version:  Direct3D 11.0 [level 11.1]
    Renderer: NVIDIA GeForce GTX 1660 (ID=0x2184)
    Vendor:   
    VRAM:     5980 MB
    Driver:   31.0.15.2698
Initialize mono
Mono path[0] = 'C:/Program Files/Unity/Hub/Editor/2020.3.3f1/Editor/Data/Managed'
Mono path[1] = 'C:/Program Files/Unity/Hub/Editor/2020.3.3f1/Editor/Data/MonoBleedingEdge/lib/mono/unityjit'
Mono config path = 'C:/Program Files/Unity/Hub/Editor/2020.3.3f1/Editor/Data/MonoBleedingEdge/etc'
Using monoOptions --debugger-agent=transport=dt_socket,embedding=1,server=y,suspend=n,address=127.0.0.1:56868
Begin MonoManager ReloadAssembly
Registering precompiled unity dll's ...
Register platform support module: C:/Program Files/Unity/Hub/Editor/2020.3.3f1/Editor/Data/PlaybackEngines/WebGLSupport/UnityEditor.WebGL.Extensions.dll
Register platform support module: C:/Program Files/Unity/Hub/Editor/2020.3.3f1/Editor/Data/PlaybackEngines/WindowsStandaloneSupport/UnityEditor.WindowsStandalone.Extensions.dll
Registered in 0.001679 seconds.
Native extension for WindowsStandalone target not found
Native extension for WebGL target not found
Refreshing native plugins compatible for Editor in 22.07 ms, found 0 plugins.
Preloading 0 native plugins for Editor in 0.00 ms.
Invoked RoslynAnalysisRunner static constructor.
RoslynAnalysisRunner will not be running.
RoslynAnalysisRunner has terminated.
Mono: successfully reloaded assembly
- Completed reload, in  1.239 seconds
Platform modules already initialized, skipping
Registering precompiled user dll's ...
Registered in 0.000645 seconds.
Begin MonoManager ReloadAssembly
Native extension for WindowsStandalone target not found
Native extension for WebGL target not found
Refreshing native plugins compatible for Editor in 0.36 ms, found 0 plugins.
Preloading 0 native plugins for Editor in 0.00 ms.
Invoked RoslynAnalysisRunner static constructor.
RoslynAnalysisRunner will not be running.
RoslynAnalysisRunner has terminated.
Mono: successfully reloaded assembly
- Completed reload, in  0.765 seconds
Platform modules already initialized, skipping
========================================================================
Worker process is ready to serve import requests
Launched and connected shader compiler UnityShaderCompiler.exe after 0.05 seconds
Refreshing native plugins compatible for Editor in 0.21 ms, found 0 plugins.
Preloading 0 native plugins for Editor in 0.00 ms.
Unloading 1119 Unused Serialized files (Serialized files now loaded: 0)
System memory in use before: 57.3 MB.
System memory in use after: 57.3 MB.

Unloading 10 unused Assets to reduce memory usage. Loaded Objects now: 1562.
Total: 1.872700 ms (FindLiveObjects: 0.175700 ms CreateObjectMapping: 0.030600 ms MarkObjects: 1.585300 ms  DeleteObjects: 0.079600 ms)

========================================================================
Received Import Request.
  path: Assets/Start&IngemeScript/GameStatePattanScripts.cs
  artifactKey: Guid(9661bc7ea94d472458f8b553e603d445) Importer(815301076,1909f56bfc062723c751e8b465ee728b)
Start importing Assets/Start&IngemeScript/GameStatePattanScripts.cs using Guid(9661bc7ea94d472458f8b553e603d445) Importer(815301076,1909f56bfc062723c751e8b465ee728b)  -> (artifact id: '10c7fd6718e2b471753390555d391a2a') in 0.020101 seconds
  Import took 0.022040 seconds .

========================================================================
Received Prepare
Registering precompiled user dll's ...
Registered in 0.001031 seconds.
Begin MonoManager ReloadAssembly
Native extension for WindowsStandalone target not found
Native extension for WebGL target not found
Refreshing native plugins compatible for Editor in 0.31 ms, found 0 plugins.
Preloading 0 native plugins for Editor in 0.00 ms.
Invoked RoslynAnalysisRunner static constructor.
RoslynAnalysisRunner will not be running.
RoslynAnalysisRunner has terminated.
Mono: successfully reloaded assembly
- Completed reload, in  0.661 seconds
Platform modules already initialized, skipping
Refreshing native plugins compatible for Editor in 0.23 ms, found 0 plugins.
Preloading 0 native plugins for Editor in 0.00 ms.
Unloading 1114 Unused Serialized files (Serialized files now loaded: 0)
System memory in use before: 57.2 MB.
System memory in use after: 57.3 MB.

Unloading 5 unused Assets to reduce memory usage. Loaded Objects now: 1565.
Total: 1.639600 ms (FindLiveObjects: 0.179600 ms CreateObjectMapping: 0.030200 ms MarkObjects: 1.367900 ms  DeleteObjects: 0.060500 ms)

========================================================================
Received Import Request.
  Time since last request: 118.731391 seconds.
  path: Assets/IngameScripts/PlayerScripts.cs
  artifactKey: Guid(99a8fa907a605cd43ba4863f138844d4) Importer(815301076,1909f56bfc062723c751e8b465ee728b)
Start importing Assets/IngameScripts/PlayerScripts.cs using Guid(99a8fa907a605cd43ba4863f138844d4) Importer(815301076,1909f56bfc062723c751e8b465ee728b)  -> (artifact id: '0cfe91b9a96343fde0dd15d1fd0bdbe1') in 0.003869 seconds
  Import took 0.005781 seconds .

========================================================================
Received Prepare
Registering precompiled user dll's ...
Registered in 0.000512 seconds.
Begin MonoManager ReloadAssembly
Native extension for WindowsStandalone target not found
Native extension for WebGL target not found
Refreshing native plugins compatible for Editor in 0.24 ms, found 0 plugins.
Preloading 0 native plugins for Editor in 0.00 ms.
Invoked RoslynAnalysisRunner static constructor.
RoslynAnalysisRunner will not be running.
RoslynAnalysisRunner has terminated.
Mono: successfully reloaded assembly
- Completed reload, in  0.659 seconds
Platform modules already initialized, skipping
Refreshing native plugins compatible for Editor in 0.21 ms, found 0 plugins.
Preloading 0 native plugins for Editor in 0.00 ms.
Unloading 1114 Unused Serialized files (Serialized files now loaded: 0)
System memory in use before: 57.3 MB.
System memory in use after: 57.3 MB.

Unloading 5 unused Assets to reduce memory usage. Loaded Objects now: 1568.
Total: 1.582300 ms (FindLiveObjects: 0.143500 ms CreateObjectMapping: 0.031000 ms MarkObjects: 1.354200 ms  DeleteObjects: 0.051900 ms)

========================================================================
Received Prepare
Registering precompiled user dll's ...
Registered in 0.000610 seconds.
Begin MonoManager ReloadAssembly
Native extension for WindowsStandalone target not found
Native extension for WebGL target not found
Refreshing native plugins compatible for Editor in 0.23 ms, found 0 plugins.
Preloading 0 native plugins for Editor in 0.00 ms.
Invoked RoslynAnalysisRunner static constructor.
RoslynAnalysisRunner will not be running.
RoslynAnalysisRunner has terminated.
Mono: successfully reloaded assembly
- Completed reload, in  0.633 seconds
Platform modules already initialized, skipping
Refreshing native plugins compatible for Editor in 0.23 ms, found 0 plugins.
Preloading 0 native plugins for Editor in 0.00 ms.
Unloading 1114 Unused Serialized files (Serialized files now loaded: 0)
System memory in use before: 57.3 MB.
System memory in use after: 57.3 MB.

Unloading 5 unused Assets to reduce memory usage. Loaded Objects now: 1571.
Total: 1.630300 ms (FindLiveObjects: 0.171400 ms CreateObjectMapping: 0.027900 ms MarkObjects: 1.368300 ms  DeleteObjects: 0.061700 ms)

========================================================================
Received Prepare
Registering precompiled user dll's ...
Registered in 0.000564 seconds.
Begin MonoManager ReloadAssembly
Native extension for WindowsStandalone target not found
Native extension for WebGL target not found
Refreshing native plugins compatible for Editor in 0.23 ms, found 0 plugins.
Preloading 0 native plugins for Editor in 0.00 ms.
Invoked RoslynAnalysisRunner static constructor.
RoslynAnalysisRunner will not be running.
RoslynAnalysisRunner has terminated.
Mono: successfully reloaded assembly
- Completed reload, in  0.642 seconds
Platform modules already initialized, skipping
Refreshing native plugins compatible for Editor in 0.22 ms, found 0 plugins.
Preloading 0 native plugins for Editor in 0.00 ms.
Unloading 1114 Unused Serialized files (Serialized files now loaded: 0)
System memory in use before: 57.3 MB.
System memory in use after: 57.3 MB.

Unloading 5 unused Assets to reduce memory usage. Loaded Objects now: 1574.
Total: 1.472100 ms (FindLiveObjects: 0.149600 ms CreateObjectMapping: 0.026200 ms MarkObjects: 1.243600 ms  DeleteObjects: 0.051800 ms)

========================================================================
Received Prepare
Registering precompiled user dll's ...
Registered in 0.000512 seconds.
Begin MonoManager ReloadAssembly
Native extension for WindowsStandalone target not found
Native extension for WebGL target not found
Refreshing native plugins compatible for Editor in 0.22 ms, found 0 plugins.
Preloading 0 native plugins for Editor in 0.00 ms.
Invoked RoslynAnalysisRunner static constructor.
RoslynAnalysisRunner will not be running.
RoslynAnalysisRunner has terminated.
Mono: successfully reloaded assembly
- Completed reload, in  0.614 seconds
Platform modules already initialized, skipping
Refreshing native plugins compatible for Editor in 0.22 ms, found 0 plugins.
Preloading 0 native plugins for Editor in 0.00 ms.
Unloading 1114 Unused Serialized files (Serialized files now loaded: 0)
System memory in use before: 57.3 MB.
System memory in use after: 57.4 MB.

Unloading 5 unused Assets to reduce memory usage. Loaded Objects now: 1577.
Total: 1.483700 ms (FindLiveObjects: 0.147400 ms CreateObjectMapping: 0.026800 ms MarkObjects: 1.258300 ms  DeleteObjects: 0.050100 ms)

========================================================================
Received Import Request.
  Time since last request: 512.543000 seconds.
  path: Assets/Material
  artifactKey: Guid(038fb6960b72e57429ab6534b4b62690) Importer(815301076,1909f56bfc062723c751e8b465ee728b)
Start importing Assets/Material using Guid(038fb6960b72e57429ab6534b4b62690) Importer(815301076,1909f56bfc062723c751e8b465ee728b)  -> (artifact id: '35ab452da1bc76eb4d944f776ba64be2') in 0.004182 seconds
  Import took 0.005883 seconds .

========================================================================
Received Prepare
Registering precompiled user dll's ...
Registered in 0.000588 seconds.
Begin MonoManager ReloadAssembly
Native extension for WindowsStandalone target not found
Native extension for WebGL target not found
Refreshing native plugins compatible for Editor in 0.23 ms, found 0 plugins.
Preloading 0 native plugins for Editor in 0.00 ms.
Invoked RoslynAnalysisRunner static constructor.
RoslynAnalysisRunner will not be running.
RoslynAnalysisRunner has terminated.
Mono: successfully reloaded assembly
- Completed reload, in  0.616 seconds
Platform modules already initialized, skipping
Refreshing native plugins compatible for Editor in 0.21 ms, found 0 plugins.
Preloading 0 native plugins for Editor in 0.00 ms.
Unloading 1114 Unused Serialized files (Serialized files now loaded: 0)
System memory in use before: 57.3 MB.
System memory in use after: 57.4 MB.

Unloading 5 unused Assets to reduce memory usage. Loaded Objects now: 1580.
Total: 1.631600 ms (FindLiveObjects: 0.235800 ms CreateObjectMapping: 0.042000 ms MarkObjects: 1.292700 ms  DeleteObjects: 0.060200 ms)

========================================================================
Received Prepare
Registering precompiled user dll's ...
Registered in 0.000632 seconds.
Begin MonoManager ReloadAssembly
Native extension for WindowsStandalone target not found
Native extension for WebGL target not found
Refreshing native plugins compatible for Editor in 0.22 ms, found 0 plugins.
Preloading 0 native plugins for Editor in 0.00 ms.
Invoked RoslynAnalysisRunner static constructor.
RoslynAnalysisRunner will not be running.
RoslynAnalysisRunner has terminated.
Mono: successfully reloaded assembly
- Completed reload, in  0.631 seconds
Platform modules already initialized, skipping
Refreshing native plugins compatible for Editor in 0.21 ms, found 0 plugins.
Preloading 0 native plugins for Editor in 0.00 ms.
Unloading 1114 Unused Serialized files (Serialized files now loaded: 0)
System memory in use before: 57.3 MB.
System memory in use after: 57.4 MB.

Unloading 5 unused Assets to reduce memory usage. Loaded Objects now: 1583.
Total: 1.684800 ms (FindLiveObjects: 0.185300 ms CreateObjectMapping: 0.030700 ms MarkObjects: 1.409000 ms  DeleteObjects: 0.058600 ms)

========================================================================
Received Prepare
Registering precompiled user dll's ...
Registered in 0.000684 seconds.
Begin MonoManager ReloadAssembly
Native extension for WindowsStandalone target not found
Native extension for WebGL target not found
Refreshing native plugins compatible for Editor in 0.24 ms, found 0 plugins.
Preloading 0 native plugins for Editor in 0.00 ms.
Invoked RoslynAnalysisRunner static constructor.
RoslynAnalysisRunner will not be running.
RoslynAnalysisRunner has terminated.
Mono: successfully reloaded assembly
- Completed reload, in  0.615 seconds
Platform modules already initialized, skipping
Refreshing native plugins compatible for Editor in 0.22 ms, found 0 plugins.
Preloading 0 native plugins for Editor in 0.00 ms.
Unloading 1114 Unused Serialized files (Serialized files now loaded: 0)
System memory in use before: 57.3 MB.
System memory in use after: 57.4 MB.

Unloading 5 unused Assets to reduce memory usage. Loaded Objects now: 1586.
Total: 1.507200 ms (FindLiveObjects: 0.166600 ms CreateObjectMapping: 0.026500 ms MarkObjects: 1.255600 ms  DeleteObjects: 0.057300 ms)

========================================================================
Received Import Request.
  Time since last request: 903.376436 seconds.
  path: Assets/Scenes/Title.unity
  artifactKey: Guid(ca46efc5993634a43a1cebd1e3a206e1) Importer(815301076,1909f56bfc062723c751e8b465ee728b)
Start importing Assets/Scenes/Title.unity using Guid(ca46efc5993634a43a1cebd1e3a206e1) Importer(815301076,1909f56bfc062723c751e8b465ee728b)  -> (artifact id: '255888fe6f98599196403b82fd228006') in 0.009782 seconds
  Import took 0.011621 seconds .

========================================================================
Received Prepare
Registering precompiled user dll's ...
Registered in 0.000630 seconds.
Begin MonoManager ReloadAssembly
Native extension for WindowsStandalone target not found
Native extension for WebGL target not found
Refreshing native plugins compatible for Editor in 0.25 ms, found 0 plugins.
Preloading 0 native plugins for Editor in 0.00 ms.
Invoked RoslynAnalysisRunner static constructor.
RoslynAnalysisRunner will not be running.
RoslynAnalysisRunner has terminated.
Mono: successfully reloaded assembly
- Completed reload, in  0.609 seconds
Platform modules already initialized, skipping
Refreshing native plugins compatible for Editor in 0.21 ms, found 0 plugins.
Preloading 0 native plugins for Editor in 0.00 ms.
Unloading 1114 Unused Serialized files (Serialized files now loaded: 0)
System memory in use before: 57.3 MB.
System memory in use after: 57.4 MB.

Unloading 5 unused Assets to reduce memory usage. Loaded Objects now: 1589.
Total: 1.534400 ms (FindLiveObjects: 0.169400 ms CreateObjectMapping: 0.029700 ms MarkObjects: 1.278800 ms  DeleteObjects: 0.055400 ms)

========================================================================
Received Import Request.
  Time since last request: 101.230165 seconds.
  path: Assets/Start&IngemeScript/PushButton.cs
  artifactKey: Guid(f4ff8ecc6bb1a3445ae60f53c7f41e69) Importer(815301076,1909f56bfc062723c751e8b465ee728b)
Start importing Assets/Start&IngemeScript/PushButton.cs using Guid(f4ff8ecc6bb1a3445ae60f53c7f41e69) Importer(815301076,1909f56bfc062723c751e8b465ee728b)  -> (artifact id: '044756c6d6d87140f87bdd368e4e534d') in 0.003428 seconds
  Import took 0.005141 seconds .

========================================================================
Received Import Request.
  Time since last request: 0.008774 seconds.
  path: Assets/Start&IngemeScript/GameStatePattanScripts.cs
  artifactKey: Guid(9661bc7ea94d472458f8b553e603d445) Importer(815301076,1909f56bfc062723c751e8b465ee728b)
Start importing Assets/Start&IngemeScript/GameStatePattanScripts.cs using Guid(9661bc7ea94d472458f8b553e603d445) Importer(815301076,1909f56bfc062723c751e8b465ee728b)  -> (artifact id: '38e5b112a9f6286b79c8ec2bbe9985de') in 0.001545 seconds
  Import took 0.003119 seconds .

========================================================================
Received Import Request.
  Time since last request: 0.002564 seconds.
  path: Assets/IngameScripts/PlayerScripts.cs
  artifactKey: Guid(99a8fa907a605cd43ba4863f138844d4) Importer(815301076,1909f56bfc062723c751e8b465ee728b)
Start importing Assets/IngameScripts/PlayerScripts.cs using Guid(99a8fa907a605cd43ba4863f138844d4) Importer(815301076,1909f56bfc062723c751e8b465ee728b)  -> (artifact id: '0d1846ac8dab4622ebf56acba07667a5') in 0.001435 seconds
  Import took 0.002641 seconds .

========================================================================
Received Import Request.
  Time since last request: 0.003010 seconds.
  path: Assets/Material/Ground Material.mat
  artifactKey: Guid(c434b599018822946a26d3d2a72c9d0a) Importer(815301076,1909f56bfc062723c751e8b465ee728b)
Start importing Assets/Material/Ground Material.mat using Guid(c434b599018822946a26d3d2a72c9d0a) Importer(815301076,1909f56bfc062723c751e8b465ee728b)  -> (artifact id: '86db4a38bb84a7ac0f5b3399b3095b8e') in 0.072766 seconds
  Import took 0.074586 seconds .

========================================================================
Received Prepare
Registering precompiled user dll's ...
Registered in 0.000517 seconds.
Begin MonoManager ReloadAssembly
Native extension for WindowsStandalone target not found
Native extension for WebGL target not found
Refreshing native plugins compatible for Editor in 0.21 ms, found 0 plugins.
Preloading 0 native plugins for Editor in 0.00 ms.
Invoked RoslynAnalysisRunner static constructor.
RoslynAnalysisRunner will not be running.
RoslynAnalysisRunner has terminated.
Mono: successfully reloaded assembly
- Completed reload, in  0.609 seconds
Platform modules already initialized, skipping
Refreshing native plugins compatible for Editor in 0.21 ms, found 0 plugins.
Preloading 0 native plugins for Editor in 0.00 ms.
Unloading 1113 Unused Serialized files (Serialized files now loaded: 0)
System memory in use before: 60.6 MB.
System memory in use after: 60.7 MB.

Unloading 6 unused Assets to reduce memory usage. Loaded Objects now: 1631.
Total: 1.659700 ms (FindLiveObjects: 0.172700 ms CreateObjectMapping: 0.030200 ms MarkObjects: 1.399100 ms  DeleteObjects: 0.056800 ms)

========================================================================
Received Import Request.
  Time since last request: 69.313493 seconds.
  path: Assets/Scenes/Title.unity
  artifactKey: Guid(ca46efc5993634a43a1cebd1e3a206e1) Importer(815301076,1909f56bfc062723c751e8b465ee728b)
Start importing Assets/Scenes/Title.unity using Guid(ca46efc5993634a43a1cebd1e3a206e1) Importer(815301076,1909f56bfc062723c751e8b465ee728b)  -> (artifact id: '7e2f83bc8238cf34068375eb55fece06') in 0.009320 seconds
  Import took 0.011279 seconds .

========================================================================
Received Import Request.
  Time since last request: 31.240792 seconds.
  path: Assets/menuScript/ButtonScripts.cs
  artifactKey: Guid(3f82cfb1caec0234b8d81d9eaf8ba0c7) Importer(815301076,1909f56bfc062723c751e8b465ee728b)
Start importing Assets/menuScript/ButtonScripts.cs using Guid(3f82cfb1caec0234b8d81d9eaf8ba0c7) Importer(815301076,1909f56bfc062723c751e8b465ee728b)  -> (artifact id: '6a1f54bb59d413a96398ffebd1d158a7') in 0.001923 seconds
  Import took 0.003445 seconds .

========================================================================
Received Import Request.
  Time since last request: 0.000351 seconds.
  path: Assets/menuScript/ButtonScripts.cs
  artifactKey: Guid(3f82cfb1caec0234b8d81d9eaf8ba0c7) Importer(815301076,1909f56bfc062723c751e8b465ee728b)
Start importing Assets/menuScript/ButtonScripts.cs using Guid(3f82cfb1caec0234b8d81d9eaf8ba0c7) Importer(815301076,1909f56bfc062723c751e8b465ee728b)  -> (artifact id: '6a1f54bb59d413a96398ffebd1d158a7') in 0.001627 seconds
  Import took 0.003476 seconds .

========================================================================
Received Prepare
Registering precompiled user dll's ...
Registered in 0.000627 seconds.
Begin MonoManager ReloadAssembly
Native extension for WindowsStandalone target not found
Native extension for WebGL target not found
Refreshing native plugins compatible for Editor in 0.27 ms, found 0 plugins.
Preloading 0 native plugins for Editor in 0.00 ms.
Invoked RoslynAnalysisRunner static constructor.
RoslynAnalysisRunner will not be running.
RoslynAnalysisRunner has terminated.
Mono: successfully reloaded assembly
- Completed reload, in  0.652 seconds
Platform modules already initialized, skipping
Refreshing native plugins compatible for Editor in 0.22 ms, found 0 plugins.
Preloading 0 native plugins for Editor in 0.00 ms.
Unloading 1113 Unused Serialized files (Serialized files now loaded: 0)
System memory in use before: 60.6 MB.
System memory in use after: 60.7 MB.

Unloading 5 unused Assets to reduce memory usage. Loaded Objects now: 1634.
Total: 1.538200 ms (FindLiveObjects: 0.171400 ms CreateObjectMapping: 0.026500 ms MarkObjects: 1.281500 ms  DeleteObjects: 0.057300 ms)

========================================================================
Received Prepare
Registering precompiled user dll's ...
Registered in 0.000733 seconds.
Begin MonoManager ReloadAssembly
Native extension for WindowsStandalone target not found
Native extension for WebGL target not found
Refreshing native plugins compatible for Editor in 0.22 ms, found 0 plugins.
Preloading 0 native plugins for Editor in 0.00 ms.
Invoked RoslynAnalysisRunner static constructor.
RoslynAnalysisRunner will not be running.
RoslynAnalysisRunner has terminated.
Mono: successfully reloaded assembly
- Completed reload, in  0.619 seconds
Platform modules already initialized, skipping
Refreshing native plugins compatible for Editor in 0.21 ms, found 0 plugins.
Preloading 0 native plugins for Editor in 0.00 ms.
Unloading 1113 Unused Serialized files (Serialized files now loaded: 0)
System memory in use before: 60.6 MB.
System memory in use after: 60.7 MB.

Unloading 5 unused Assets to reduce memory usage. Loaded Objects now: 1637.
Total: 1.633500 ms (FindLiveObjects: 0.192300 ms CreateObjectMapping: 0.031700 ms MarkObjects: 1.350100 ms  DeleteObjects: 0.058400 ms)

========================================================================
Received Import Request.
  Time since last request: 171.488707 seconds.
  path: Assets/Start&IngemeScript/GameStatePattanScripts.cs
  artifactKey: Guid(9661bc7ea94d472458f8b553e603d445) Importer(815301076,1909f56bfc062723c751e8b465ee728b)
Start importing Assets/Start&IngemeScript/GameStatePattanScripts.cs using Guid(9661bc7ea94d472458f8b553e603d445) Importer(815301076,1909f56bfc062723c751e8b465ee728b)  -> (artifact id: '7b1c08b1a33d5305c13e2fab5d5c795a') in 0.004026 seconds
  Import took 0.005980 seconds .

========================================================================
Received Import Request.
  Time since last request: 0.000921 seconds.
  path: Assets/Start&IngemeScript/GameStatePattanScripts.cs
  artifactKey: Guid(9661bc7ea94d472458f8b553e603d445) Importer(815301076,1909f56bfc062723c751e8b465ee728b)
Start importing Assets/Start&IngemeScript/GameStatePattanScripts.cs using Guid(9661bc7ea94d472458f8b553e603d445) Importer(815301076,1909f56bfc062723c751e8b465ee728b)  -> (artifact id: '7b1c08b1a33d5305c13e2fab5d5c795a') in 0.001710 seconds
  Import took 0.003208 seconds .

========================================================================
Received Prepare
Registering precompiled user dll's ...
Registered in 0.000587 seconds.
Begin MonoManager ReloadAssembly
Native extension for WindowsStandalone target not found
Native extension for WebGL target not found
Refreshing native plugins compatible for Editor in 0.22 ms, found 0 plugins.
Preloading 0 native plugins for Editor in 0.00 ms.
Invoked RoslynAnalysisRunner static constructor.
RoslynAnalysisRunner will not be running.
RoslynAnalysisRunner has terminated.
Mono: successfully reloaded assembly
- Completed reload, in  0.637 seconds
Platform modules already initialized, skipping
Refreshing native plugins compatible for Editor in 0.22 ms, found 0 plugins.
Preloading 0 native plugins for Editor in 0.00 ms.
Unloading 1113 Unused Serialized files (Serialized files now loaded: 0)
System memory in use before: 60.6 MB.
System memory in use after: 60.7 MB.

Unloading 5 unused Assets to reduce memory usage. Loaded Objects now: 1640.
Total: 1.572300 ms (FindLiveObjects: 0.159600 ms CreateObjectMapping: 0.028200 ms MarkObjects: 1.317800 ms  DeleteObjects: 0.065500 ms)

========================================================================
Received Prepare
Registering precompiled user dll's ...
Registered in 0.000521 seconds.
Begin MonoManager ReloadAssembly
Native extension for WindowsStandalone target not found
Native extension for WebGL target not found
Refreshing native plugins compatible for Editor in 0.22 ms, found 0 plugins.
Preloading 0 native plugins for Editor in 0.00 ms.
Invoked RoslynAnalysisRunner static constructor.
RoslynAnalysisRunner will not be running.
RoslynAnalysisRunner has terminated.
Mono: successfully reloaded assembly
- Completed reload, in  0.617 seconds
Platform modules already initialized, skipping
Refreshing native plugins compatible for Editor in 0.21 ms, found 0 plugins.
Preloading 0 native plugins for Editor in 0.00 ms.
Unloading 1114 Unused Serialized files (Serialized files now loaded: 0)
System memory in use before: 60.7 MB.
System memory in use after: 60.7 MB.

Unloading 5 unused Assets to reduce memory usage. Loaded Objects now: 1644.
Total: 1.510900 ms (FindLiveObjects: 0.163800 ms CreateObjectMapping: 0.026600 ms MarkObjects: 1.262400 ms  DeleteObjects: 0.057200 ms)

========================================================================
Received Import Request.
  Time since last request: 164.611268 seconds.
  path: Assets/Scenes/Cube.prefab
  artifactKey: Guid(3cd26654619cdb84dab011cd962cbdb3) Importer(815301076,1909f56bfc062723c751e8b465ee728b)
Start importing Assets/Scenes/Cube.prefab using Guid(3cd26654619cdb84dab011cd962cbdb3) Importer(815301076,1909f56bfc062723c751e8b465ee728b)  -> (artifact id: 'caac58bf64418478668937ccbfe6d2d8') in 0.049724 seconds
  Import took 0.051845 seconds .

========================================================================
Received Import Request.
  Time since last request: 2.719331 seconds.
  path: Assets/Scenes/Player.prefab
  artifactKey: Guid(4a64cd5b801b2c9438af1057985dc871) Importer(815301076,1909f56bfc062723c751e8b465ee728b)
Start importing Assets/Scenes/Player.prefab using Guid(4a64cd5b801b2c9438af1057985dc871) Importer(815301076,1909f56bfc062723c751e8b465ee728b)  -> (artifact id: 'ddc49b31a7023bbcec30b4e76170b75a') in 0.009638 seconds
  Import took 0.011574 seconds .

========================================================================
Received Import Request.
  Time since last request: 5.022094 seconds.
  path: Assets/Scenes/Plane.prefab
  artifactKey: Guid(65c1f60ed60cfb7449c3d9efa7d601e2) Importer(815301076,1909f56bfc062723c751e8b465ee728b)
Start importing Assets/Scenes/Plane.prefab using Guid(65c1f60ed60cfb7449c3d9efa7d601e2) Importer(815301076,1909f56bfc062723c751e8b465ee728b)  -> (artifact id: 'c4392805406df917010388ff0194243a') in 0.009860 seconds
  Import took 0.011798 seconds .

========================================================================
Received Import Request.
  Time since last request: 62.015965 seconds.
  path: Assets/Scenes/Title.unity
  artifactKey: Guid(ca46efc5993634a43a1cebd1e3a206e1) Importer(815301076,1909f56bfc062723c751e8b465ee728b)
Start importing Assets/Scenes/Title.unity using Guid(ca46efc5993634a43a1cebd1e3a206e1) Importer(815301076,1909f56bfc062723c751e8b465ee728b)  -> (artifact id: 'a3527f4f46d6a69eb654f64a4d634f6c') in 0.002147 seconds
  Import took 0.004035 seconds .

========================================================================
Received Prepare
Registering precompiled user dll's ...
Registered in 0.000591 seconds.
Begin MonoManager ReloadAssembly
Native extension for WindowsStandalone target not found
Native extension for WebGL target not found
Refreshing native plugins compatible for Editor in 0.23 ms, found 0 plugins.
Preloading 0 native plugins for Editor in 0.00 ms.
Invoked RoslynAnalysisRunner static constructor.
RoslynAnalysisRunner will not be running.
RoslynAnalysisRunner has terminated.
Mono: successfully reloaded assembly
- Completed reload, in  0.642 seconds
Platform modules already initialized, skipping
Refreshing native plugins compatible for Editor in 0.22 ms, found 0 plugins.
Preloading 0 native plugins for Editor in 0.00 ms.
Unloading 1114 Unused Serialized files (Serialized files now loaded: 0)
System memory in use before: 60.7 MB.
System memory in use after: 60.8 MB.

Unloading 6 unused Assets to reduce memory usage. Loaded Objects now: 1650.
Total: 1.660800 ms (FindLiveObjects: 0.191400 ms CreateObjectMapping: 0.027600 ms MarkObjects: 1.376800 ms  DeleteObjects: 0.064000 ms)

========================================================================
Received Prepare
Registering precompiled user dll's ...
Registered in 0.000678 seconds.
Begin MonoManager ReloadAssembly
Native extension for WindowsStandalone target not found
Native extension for WebGL target not found
Refreshing native plugins compatible for Editor in 0.25 ms, found 0 plugins.
Preloading 0 native plugins for Editor in 0.00 ms.
Invoked RoslynAnalysisRunner static constructor.
RoslynAnalysisRunner will not be running.
RoslynAnalysisRunner has terminated.
Mono: successfully reloaded assembly
- Completed reload, in  0.628 seconds
Platform modules already initialized, skipping
Refreshing native plugins compatible for Editor in 0.22 ms, found 0 plugins.
Preloading 0 native plugins for Editor in 0.00 ms.
Unloading 1114 Unused Serialized files (Serialized files now loaded: 0)
System memory in use before: 60.7 MB.
System memory in use after: 60.8 MB.

Unloading 5 unused Assets to reduce memory usage. Loaded Objects now: 1653.
Total: 1.533100 ms (FindLiveObjects: 0.145100 ms CreateObjectMapping: 0.029800 ms MarkObjects: 1.304400 ms  DeleteObjects: 0.052800 ms)

AssetImportWorkerClient::OnTransportError - code=2 error=End of file
